<?xml version="1.0" encoding="UTF-8"?>
<!-- Generated by org.testng.reporters.JUnitReportReporter -->
<testsuite hostname="DESKTOP-C0LL3D9" failures="0" tests="1" name="Day_003_Locators.TC08_tagName" time="22.617" errors="0" timestamp="2020-12-16T12:27:43 IST" skipped="0">
  <testcase classname="Day_003_Locators.TC08_tagName" name="Test2" time="22.617"/>
  <system-out/>
</testsuite> <!-- Day_003_Locators.TC08_tagName -->
