<?xml version="1.0" encoding="UTF-8"?>
<!-- Generated by org.testng.reporters.JUnitReportReporter -->
<testsuite hostname="DESKTOP-C0LL3D9" failures="0" tests="1" name="Dec15.NewTest_01" time="17.800" errors="0" timestamp="2020-12-15T12:12:13 IST" skipped="0">
  <testcase classname="Dec15.NewTest_01" name="URL" time="17.800"/>
  <system-out/>
</testsuite> <!-- Dec15.NewTest_01 -->
