<?xml version="1.0" encoding="UTF-8"?>
<!-- Generated by org.testng.reporters.JUnitReportReporter -->
<testsuite hostname="DESKTOP-C0LL3D9" failures="0" tests="1" name="Dec15.NewTest_login" time="25.214" errors="0" timestamp="2020-12-15T13:01:12 IST" skipped="0">
  <testcase classname="Dec15.NewTest_login" name="URL" time="25.214"/>
  <system-out/>
</testsuite> <!-- Dec15.NewTest_login -->
