<?xml version="1.0" encoding="UTF-8"?>
<!-- Generated by org.testng.reporters.JUnitReportReporter -->
<testsuite hostname="DESKTOP-C0LL3D9" failures="0" tests="1" name="Day_005_TestNG_DataProvider_Lab1.Test5" time="84.076" errors="0" timestamp="2020-12-13T14:59:47 IST" skipped="0">
  <testcase classname="Day_005_TestNG_DataProvider_Lab1.Test5" name="Test1" time="84.076"/>
  <system-out/>
</testsuite> <!-- Day_005_TestNG_DataProvider_Lab1.Test5 -->
