<?xml version="1.0" encoding="UTF-8"?>
<!-- Generated by org.testng.reporters.JUnitReportReporter -->
<testsuite hostname="DESKTOP-C0LL3D9" failures="0" tests="1" name="Day01_Demo1.NewTest_URLTest" time="54.760" errors="0" timestamp="2020-12-15T12:46:18 IST" skipped="0">
  <testcase classname="Day01_Demo1.NewTest_URLTest" name="URL" time="54.760"/>
  <system-out/>
</testsuite> <!-- Day01_Demo1.NewTest_URLTest -->
