<?xml version="1.0" encoding="UTF-8"?>
<!-- Generated by org.testng.reporters.JUnitReportReporter -->
<testsuite hostname="DESKTOP-C0LL3D9" failures="0" tests="1" name="dec16.NewTest_login_16" time="27.955" errors="0" timestamp="2020-12-16T12:52:00 IST" skipped="0">
  <testcase classname="dec16.NewTest_login_16" name="Skill_Test" time="27.955"/>
  <system-out/>
</testsuite> <!-- dec16.NewTest_login_16 -->
