<?xml version="1.0" encoding="UTF-8"?>
<!-- Generated by org.testng.reporters.JUnitReportReporter -->
<testsuite hostname="DESKTOP-C0LL3D9" failures="0" tests="1" name="dec151.NewTest_02" time="20.002" errors="0" timestamp="2020-12-15T12:32:01 IST" skipped="0">
  <testcase classname="dec151.NewTest_02" name="URL" time="20.002"/>
  <system-out/>
</testsuite> <!-- dec151.NewTest_02 -->
